<?xml version="1.0" encoding="UTF-8"?>
<testng-results skipped="0" failed="0" total="1" passed="1">
  <reporter-output>
  </reporter-output>
  <suite name="Default suite" duration-ms="4474" started-at="2021-02-28T20:56:17Z" finished-at="2021-02-28T20:56:22Z">
    <groups>
    </groups>
    <test name="Default test" duration-ms="4474" started-at="2021-02-28T20:56:17Z" finished-at="2021-02-28T20:56:22Z">
      <class name="BrowserTest.BrowserTest">
        <test-method status="PASS" signature="BrowserTest()[pri:0, instance:BrowserTest.BrowserTest@39aeed2f]" name="BrowserTest" duration-ms="4442" started-at="2021-02-28T15:56:17Z" finished-at="2021-02-28T15:56:22Z">
          <reporter-output>
          </reporter-output>
        </test-method> <!-- BrowserTest -->
      </class> <!-- BrowserTest.BrowserTest -->
    </test> <!-- Default test -->
  </suite> <!-- Default suite -->
</testng-results>
